<?xml version="1.0" encoding="UTF-8"?>
<testsuite xmlns:xsi="http://www.w3.org/2001/XMLSchema-instance" xsi:noNamespaceSchemaLocation="https://maven.apache.org/surefire/maven-surefire-plugin/xsd/surefire-test-report-3.0.xsd" version="3.0" name="runnerClasses.RunnerTest" time="35.325" tests="23" errors="0" skipped="0" failures="3">
  <properties>
[...]
</properties>
  <testcase name="initialize output stream to store log to extract sysout messages to text file as log" classname="TestSuite to test WTIA REST APIs to verify satellite list, info like timestamp, units, coordinates, timezone" time="0.202"/>
  <testcase name="Validate whether satellites list is returned with id &amp; name and it should return only one list which is currently available" classname="TestSuite to test WTIA REST APIs to verify satellite list, info like timestamp, units, coordinates, timezone" time="3.611"/>
  <testcase name="Validate whether get satellites API is returning 404 as error when endpoint is incorrect" classname="TestSuite to test WTIA REST APIs to verify satellite list, info like timestamp, units, coordinates, timezone" time="1.375"/>
  <testcase name="Validate whether suppress_response_codes funcitonality is working or not for get satellites API" classname="TestSuite to test WTIA REST APIs to verify satellite list, info like timestamp, units, coordinates, timezone" time="1.333"/>
  <testcase name="GET satellite info with/without optional parameters units, timestamp #1" classname="TestSuite to test WTIA REST APIs to verify satellite list, info like timestamp, units, coordinates, timezone" time="1.392"/>
  <testcase name="GET satellite info with/without optional parameters units, timestamp #2" classname="TestSuite to test WTIA REST APIs to verify satellite list, info like timestamp, units, coordinates, timezone" time="1.352"/>
  <testcase name="GET satellite info with/without optional parameters units, timestamp #3" classname="TestSuite to test WTIA REST APIs to verify satellite list, info like timestamp, units, coordinates, timezone" time="1.445">
    <failure message="1 expectation failed.&#10;Expected status code &lt;200&gt; but was &lt;400&gt;.&#10;" type="java.lang.AssertionError"><![CDATA[java.lang.AssertionError: 
1 expectation failed.
Expected status code <200> but was <400>.

]]></failure>
    <system-out><![CDATA[
@validateSatInfo @Regression
Scenario Outline: GET satellite info with/without optional parameters units, timestamp &amp#27;[90m# src/test/resources/Features/getSatellitesList.feature:41&amp#27;[0m
  &amp#27;[32mGiven &amp#27;[0m&amp#27;[32mvalid Resource URL for satellites API with &amp#27;[0m&amp#27;[32m&amp#27;[1m25544&amp#27;[0m                               &amp#27;[90m# stepDefinitions.GlueCode_getSatList.valid_resource_url_for_satellites_api_with(java.lang.Integer)&amp#27;[0m
  &amp#27;[32mAnd &amp#27;[0m&amp#27;[32munits as &amp#27;[0m&amp#27;[32m&amp#27;[1m""&amp#27;[0m&amp#27;[32m, timestamp as null&amp#27;[0m                                                   &amp#27;[90m# stepDefinitions.GlueCode_getSatList.units_as_timestamp_as_null(java.lang.String)&amp#27;[0m
  &amp#27;[32mWhen &amp#27;[0m&amp#27;[32mtrigger a GET HTTP request&amp#27;[0m                                                      &amp#27;[90m# stepDefinitions.GlueCode_getSatList.trigger_a_GET_HTTP_request()&amp#27;[0m
  &amp#27;[31mThen &amp#27;[0m&amp#27;[31mI Receive Response code as &amp#27;[0m&amp#27;[31m&amp#27;[1m200&amp#27;[0m                                                  &amp#27;[90m# stepDefinitions.GlueCode_getSatList.i_Receive_Response_code(java.lang.Integer)&amp#27;[0m
      &amp#27;[31mjava.lang.AssertionError: 1 expectation failed.
Expected status code <200> but was <400>.

	at sun.reflect.NativeConstructorAccessorImpl.newInstance0(Native Method)
	at sun.reflect.NativeConstructorAccessorImpl.newInstance(NativeConstructorAccessorImpl.java:62)
	at sun.reflect.DelegatingConstructorAccessorImpl.newInstance(DelegatingConstructorAccessorImpl.java:45)
	at java.lang.reflect.Constructor.newInstance(Constructor.java:423)
	at org.codehaus.groovy.reflection.CachedConstructor.invoke(CachedConstructor.java:72)
	at org.codehaus.groovy.reflection.CachedConstructor.doConstructorInvoke(CachedConstructor.java:59)
	at org.codehaus.groovy.runtime.callsite.ConstructorSite$ConstructorSiteNoUnwrap.callConstructor(ConstructorSite.java:84)
	at org.codehaus.groovy.runtime.callsite.CallSiteArray.defaultCallConstructor(CallSiteArray.java:59)
	at org.codehaus.groovy.runtime.callsite.AbstractCallSite.callConstructor(AbstractCallSite.java:263)
	at org.codehaus.groovy.runtime.callsite.AbstractCallSite.callConstructor(AbstractCallSite.java:277)
	at io.restassured.internal.ResponseSpecificationImpl$HamcrestAssertionClosure.validate(ResponseSpecificationImpl.groovy:493)
	at io.restassured.internal.ResponseSpecificationImpl$HamcrestAssertionClosure$validate$1.call(Unknown Source)
	at io.restassured.internal.ResponseSpecificationImpl.validateResponseIfRequired(ResponseSpecificationImpl.groovy:674)
	at sun.reflect.NativeMethodAccessorImpl.invoke0(Native Method)
	at sun.reflect.NativeMethodAccessorImpl.invoke(NativeMethodAccessorImpl.java:62)
	at sun.reflect.DelegatingMethodAccessorImpl.invoke(DelegatingMethodAccessorImpl.java:43)
	at java.lang.reflect.Method.invoke(Method.java:498)
	at org.codehaus.groovy.runtime.callsite.PlainObjectMetaMethodSite.doInvoke(PlainObjectMetaMethodSite.java:43)
	at org.codehaus.groovy.runtime.callsite.PogoMetaMethodSite$PogoCachedMethodSiteNoUnwrapNoCoerce.invoke(PogoMetaMethodSite.java:193)
	at org.codehaus.groovy.runtime.callsite.PogoMetaMethodSite.callCurrent(PogoMetaMethodSite.java:61)
	at org.codehaus.groovy.runtime.callsite.AbstractCallSite.callCurrent(AbstractCallSite.java:185)
	at io.restassured.internal.ResponseSpecificationImpl.statusCode(ResponseSpecificationImpl.groovy:126)
	at io.restassured.specification.ResponseSpecification$statusCode$0.callCurrent(Unknown Source)
	at io.restassured.internal.ResponseSpecificationImpl.statusCode(ResponseSpecificationImpl.groovy:134)
	at io.restassured.internal.ValidatableResponseOptionsImpl.statusCode(ValidatableResponseOptionsImpl.java:89)
	at io.restassured.internal.ValidatableResponseImpl.super$2$statusCode(ValidatableResponseImpl.groovy)
	at sun.reflect.NativeMethodAccessorImpl.invoke0(Native Method)
	at sun.reflect.NativeMethodAccessorImpl.invoke(NativeMethodAccessorImpl.java:62)
	at sun.reflect.DelegatingMethodAccessorImpl.invoke(DelegatingMethodAccessorImpl.java:43)
	at java.lang.reflect.Method.invoke(Method.java:498)
	at org.codehaus.groovy.reflection.CachedMethod.invoke(CachedMethod.java:107)
	at groovy.lang.MetaMethod.doMethodInvoke(MetaMethod.java:323)
	at groovy.lang.MetaClassImpl.invokeMethod(MetaClassImpl.java:1262)
	at org.codehaus.groovy.runtime.ScriptBytecodeAdapter.invokeMethodOnSuperN(ScriptBytecodeAdapter.java:144)
	at io.restassured.internal.ValidatableResponseImpl.statusCode(ValidatableResponseImpl.groovy:142)
	at io.restassured.internal.ValidatableResponseImpl.statusCode(ValidatableResponseImpl.groovy)
	at stepDefinitions.GlueCode_getSatList.i_Receive_Response_code(GlueCode_getSatList.java:77)
	at ?.I Receive Response code as 200(file:///Users/svenkata/Documents/siva/TL/BDD_RestAutomation/src/test/resources/Features/getSatellitesList.feature:34)
&amp#27;[0m
  &amp#27;[36mAnd &amp#27;[0m&amp#27;[36msatellite id should not be &amp#27;[0m&amp#27;[36m&amp#27;[1m25544&amp#27;[0m                                                 &amp#27;[90m# stepDefinitions.GlueCode_getSatList.satellite_id_should_not_be(java.lang.Integer)&amp#27;[0m
  &amp#27;[36mAnd &amp#27;[0m&amp#27;[36munits should be &amp#27;[0m&amp#27;[36m&amp#27;[1m"kilometers"&amp#27;[0m                                                     &amp#27;[90m# stepDefinitions.GlueCode_getSatList.units_should_be(java.lang.String)&amp#27;[0m
]]></system-out>
  </testcase>
  <testcase name="GET satellite info with/without optional parameters units, timestamp #4" classname="TestSuite to test WTIA REST APIs to verify satellite list, info like timestamp, units, coordinates, timezone" time="1.3"/>
  <testcase name="GET satellite info with/without optional parameters units, timestamp #5" classname="TestSuite to test WTIA REST APIs to verify satellite list, info like timestamp, units, coordinates, timezone" time="1.348"/>
  <testcase name="validate satellite list with specified coordinates #1" classname="TestSuite to test WTIA REST APIs to verify satellite list, info like timestamp, units, coordinates, timezone" time="1.343"/>
  <testcase name="validate satellite list with specified coordinates #2" classname="TestSuite to test WTIA REST APIs to verify satellite list, info like timestamp, units, coordinates, timezone" time="1.369">
    <failure message="1 expectation failed.&#10;Expected status code &lt;200&gt; but was &lt;400&gt;.&#10;" type="java.lang.AssertionError"><![CDATA[java.lang.AssertionError: 
1 expectation failed.
Expected status code <200> but was <400>.

]]></failure>
    <system-out><![CDATA[
@validateSatpositions @Regression
Scenario Outline: validate satellite list with specified coordinates                                             &amp#27;[90m# src/test/resources/Features/getSatellitesList.feature:55&amp#27;[0m
  &amp#27;[32mGiven &amp#27;[0m&amp#27;[32mvalid Resource URL for satellites API with &amp#27;[0m&amp#27;[32m&amp#27;[1m25544&amp#27;[0m                                                         &amp#27;[90m# stepDefinitions.GlueCode_getSatList.valid_resource_url_for_satellites_api_with(java.lang.Integer)&amp#27;[0m
  &amp#27;[32mAnd &amp#27;[0m&amp#27;[32madd positions to endpoint with units as &amp#27;[0m&amp#27;[32m&amp#27;[1m"miles"&amp#27;[0m&amp#27;[32m, timestamp as &amp#27;[0m&amp#27;[32m&amp#27;[1m"none"&amp#27;[0m                                       &amp#27;[90m# stepDefinitions.GlueCode_getSatList.add_positions_to_endpoint_with_units_as_timestamp_as(java.lang.String,java.lang.String)&amp#27;[0m
  &amp#27;[32mWhen &amp#27;[0m&amp#27;[32mtrigger a GET HTTP request&amp#27;[0m                                                                                &amp#27;[90m# stepDefinitions.GlueCode_getSatList.trigger_a_GET_HTTP_request()&amp#27;[0m
  &amp#27;[31mThen &amp#27;[0m&amp#27;[31mI Receive Response code as &amp#27;[0m&amp#27;[31m&amp#27;[1m200&amp#27;[0m                                                                            &amp#27;[90m# stepDefinitions.GlueCode_getSatList.i_Receive_Response_code(java.lang.Integer)&amp#27;[0m
      &amp#27;[31mjava.lang.AssertionError: 1 expectation failed.
Expected status code <200> but was <400>.

	at sun.reflect.NativeConstructorAccessorImpl.newInstance0(Native Method)
	at sun.reflect.NativeConstructorAccessorImpl.newInstance(NativeConstructorAccessorImpl.java:62)
	at sun.reflect.DelegatingConstructorAccessorImpl.newInstance(DelegatingConstructorAccessorImpl.java:45)
	at java.lang.reflect.Constructor.newInstance(Constructor.java:423)
	at org.codehaus.groovy.reflection.CachedConstructor.invoke(CachedConstructor.java:72)
	at org.codehaus.groovy.reflection.CachedConstructor.doConstructorInvoke(CachedConstructor.java:59)
	at org.codehaus.groovy.runtime.callsite.ConstructorSite$ConstructorSiteNoUnwrap.callConstructor(ConstructorSite.java:84)
	at org.codehaus.groovy.runtime.callsite.AbstractCallSite.callConstructor(AbstractCallSite.java:277)
	at io.restassured.internal.ResponseSpecificationImpl$HamcrestAssertionClosure.validate(ResponseSpecificationImpl.groovy:493)
	at io.restassured.internal.ResponseSpecificationImpl$HamcrestAssertionClosure$validate$1.call(Unknown Source)
	at io.restassured.internal.ResponseSpecificationImpl.validateResponseIfRequired(ResponseSpecificationImpl.groovy:674)
	at sun.reflect.NativeMethodAccessorImpl.invoke0(Native Method)
	at sun.reflect.NativeMethodAccessorImpl.invoke(NativeMethodAccessorImpl.java:62)
	at sun.reflect.DelegatingMethodAccessorImpl.invoke(DelegatingMethodAccessorImpl.java:43)
	at java.lang.reflect.Method.invoke(Method.java:498)
	at org.codehaus.groovy.runtime.callsite.PlainObjectMetaMethodSite.doInvoke(PlainObjectMetaMethodSite.java:43)
	at org.codehaus.groovy.runtime.callsite.PogoMetaMethodSite$PogoCachedMethodSiteNoUnwrapNoCoerce.invoke(PogoMetaMethodSite.java:193)
	at org.codehaus.groovy.runtime.callsite.PogoMetaMethodSite.callCurrent(PogoMetaMethodSite.java:61)
	at org.codehaus.groovy.runtime.callsite.AbstractCallSite.callCurrent(AbstractCallSite.java:185)
	at io.restassured.internal.ResponseSpecificationImpl.statusCode(ResponseSpecificationImpl.groovy:126)
	at io.restassured.specification.ResponseSpecification$statusCode$0.callCurrent(Unknown Source)
	at io.restassured.internal.ResponseSpecificationImpl.statusCode(ResponseSpecificationImpl.groovy:134)
	at io.restassured.internal.ValidatableResponseOptionsImpl.statusCode(ValidatableResponseOptionsImpl.java:89)
	at io.restassured.internal.ValidatableResponseImpl.super$2$statusCode(ValidatableResponseImpl.groovy)
	at sun.reflect.NativeMethodAccessorImpl.invoke0(Native Method)
	at sun.reflect.NativeMethodAccessorImpl.invoke(NativeMethodAccessorImpl.java:62)
	at sun.reflect.DelegatingMethodAccessorImpl.invoke(DelegatingMethodAccessorImpl.java:43)
	at java.lang.reflect.Method.invoke(Method.java:498)
	at org.codehaus.groovy.reflection.CachedMethod.invoke(CachedMethod.java:107)
	at groovy.lang.MetaMethod.doMethodInvoke(MetaMethod.java:323)
	at groovy.lang.MetaClassImpl.invokeMethod(MetaClassImpl.java:1262)
	at org.codehaus.groovy.runtime.ScriptBytecodeAdapter.invokeMethodOnSuperN(ScriptBytecodeAdapter.java:144)
	at io.restassured.internal.ValidatableResponseImpl.statusCode(ValidatableResponseImpl.groovy:142)
	at io.restassured.internal.ValidatableResponseImpl.statusCode(ValidatableResponseImpl.groovy)
	at stepDefinitions.GlueCode_getSatList.i_Receive_Response_code(GlueCode_getSatList.java:77)
	at ?.I Receive Response code as 200(file:///Users/svenkata/Documents/siva/TL/BDD_RestAutomation/src/test/resources/Features/getSatellitesList.feature:50)
&amp#27;[0m
  &amp#27;[36mAnd &amp#27;[0m&amp#27;[36mreturned satellite list should be equal to number in &amp#27;[0m&amp#27;[36m&amp#27;[1m"none"&amp#27;[0m&amp#27;[36m and units should be &amp#27;[0m&amp#27;[36m&amp#27;[1m"miles"&amp#27;[0m&amp#27;[36m and &amp#27;[0m&amp#27;[36m&amp#27;[1m25544&amp#27;[0m&amp#27;[36m> is same&amp#27;[0m &amp#27;[90m# stepDefinitions.GlueCode_getSatList.returned_satellite_list_should_be_equal_to_number_in_and_units_should_be_and_is_same(java.lang.String,java.lang.String,java.lang.Integer)&amp#27;[0m
]]></system-out>
  </testcase>
  <testcase name="validate satellite list with specified coordinates #3" classname="TestSuite to test WTIA REST APIs to verify satellite list, info like timestamp, units, coordinates, timezone" time="1.264"/>
  <testcase name="validate satellite list with specified coordinates #4" classname="TestSuite to test WTIA REST APIs to verify satellite list, info like timestamp, units, coordinates, timezone" time="1.331"/>
  <testcase name="validate satellite list with specified coordinates #5" classname="TestSuite to test WTIA REST APIs to verify satellite list, info like timestamp, units, coordinates, timezone" time="1.36">
    <failure message="expected:&lt;10&gt; but was:&lt;11&gt;" type="java.lang.AssertionError"><![CDATA[java.lang.AssertionError: expected:<10> but was:<11>
]]></failure>
    <system-out><![CDATA[
@validateSatpositions @Regression
Scenario Outline: validate satellite list with specified coordinates                                                                                                                                                                                 &amp#27;[90m# src/test/resources/Features/getSatellitesList.feature:58&amp#27;[0m
  &amp#27;[32mGiven &amp#27;[0m&amp#27;[32mvalid Resource URL for satellites API with &amp#27;[0m&amp#27;[32m&amp#27;[1m25544&amp#27;[0m                                                                                                                                                                                             &amp#27;[90m# stepDefinitions.GlueCode_getSatList.valid_resource_url_for_satellites_api_with(java.lang.Integer)&amp#27;[0m
  &amp#27;[32mAnd &amp#27;[0m&amp#27;[32madd positions to endpoint with units as &amp#27;[0m&amp#27;[32m&amp#27;[1m"null"&amp#27;[0m&amp#27;[32m, timestamp as &amp#27;[0m&amp#27;[32m&amp#27;[1m"21433429891,21433429892,21433429893,21433429894,21433429895,21433429896,21433429897,21433429898,21433429899,21433429110,21433429911"&amp#27;[0m                                             &amp#27;[90m# stepDefinitions.GlueCode_getSatList.add_positions_to_endpoint_with_units_as_timestamp_as(java.lang.String,java.lang.String)&amp#27;[0m
  &amp#27;[32mWhen &amp#27;[0m&amp#27;[32mtrigger a GET HTTP request&amp#27;[0m                                                                                                                                                                                                                    &amp#27;[90m# stepDefinitions.GlueCode_getSatList.trigger_a_GET_HTTP_request()&amp#27;[0m
  &amp#27;[32mThen &amp#27;[0m&amp#27;[32mI Receive Response code as &amp#27;[0m&amp#27;[32m&amp#27;[1m200&amp#27;[0m                                                                                                                                                                                                                &amp#27;[90m# stepDefinitions.GlueCode_getSatList.i_Receive_Response_code(java.lang.Integer)&amp#27;[0m
  &amp#27;[31mAnd &amp#27;[0m&amp#27;[31mreturned satellite list should be equal to number in &amp#27;[0m&amp#27;[31m&amp#27;[1m"21433429891,21433429892,21433429893,21433429894,21433429895,21433429896,21433429897,21433429898,21433429899,21433429110,21433429911"&amp#27;[0m&amp#27;[31m and units should be &amp#27;[0m&amp#27;[31m&amp#27;[1m"kilometers"&amp#27;[0m&amp#27;[31m and &amp#27;[0m&amp#27;[31m&amp#27;[1m25544&amp#27;[0m&amp#27;[31m> is same&amp#27;[0m &amp#27;[90m# stepDefinitions.GlueCode_getSatList.returned_satellite_list_should_be_equal_to_number_in_and_units_should_be_and_is_same(java.lang.String,java.lang.String,java.lang.Integer)&amp#27;[0m
      &amp#27;[31mjava.lang.AssertionError: expected:<10> but was:<11>
	at org.junit.Assert.fail(Assert.java:88)
	at org.junit.Assert.failNotEquals(Assert.java:834)
	at org.junit.Assert.assertEquals(Assert.java:118)
	at org.junit.Assert.assertEquals(Assert.java:144)
	at stepDefinitions.GlueCode_getSatList.returned_satellite_list_should_be_equal_to_number_in_and_units_should_be_and_is_same(GlueCode_getSatList.java:276)
	at ?.returned satellite list should be equal to number in "21433429891,21433429892,21433429893,21433429894,21433429895,21433429896,21433429897,21433429898,21433429899,21433429110,21433429911" and units should be "kilometers" and 25544> is same(file:///Users/svenkata/Documents/siva/TL/BDD_RestAutomation/src/test/resources/Features/getSatellitesList.feature:51)
&amp#27;[0m
]]></system-out>
  </testcase>
  <testcase name="Validate whether TLE Data from satellite API returning in JSON/Text format #1" classname="TestSuite to test WTIA REST APIs to verify satellite list, info like timestamp, units, coordinates, timezone" time="1.288"/>
  <testcase name="Validate whether TLE Data from satellite API returning in JSON/Text format #2" classname="TestSuite to test WTIA REST APIs to verify satellite list, info like timestamp, units, coordinates, timezone" time="1.347"/>
  <testcase name="Validate whether TLE Data from satellite API returning in JSON/Text format #3" classname="TestSuite to test WTIA REST APIs to verify satellite list, info like timestamp, units, coordinates, timezone" time="1.303"/>
  <testcase name="Validate whether satellite API returning correct data with co-ordinates #1" classname="TestSuite to test WTIA REST APIs to verify satellite list, info like timestamp, units, coordinates, timezone" time="1.401"/>
  <testcase name="Validate whether satellite API returning correct data with co-ordinates #2" classname="TestSuite to test WTIA REST APIs to verify satellite list, info like timestamp, units, coordinates, timezone" time="1.341"/>
  <testcase name="Validate whether satellite API returning correct data with co-ordinates #3" classname="TestSuite to test WTIA REST APIs to verify satellite list, info like timestamp, units, coordinates, timezone" time="1.815"/>
  <testcase name="Validate whether satellite API returning correct data with co-ordinates #4" classname="TestSuite to test WTIA REST APIs to verify satellite list, info like timestamp, units, coordinates, timezone" time="1.765"/>
  <testcase name="Validate whether satellite API returning correct data with co-ordinates #5" classname="TestSuite to test WTIA REST APIs to verify satellite list, info like timestamp, units, coordinates, timezone" time="1.736"/>
  <testcase name="Validate whether satellite API returning correct data with co-ordinates #6" classname="TestSuite to test WTIA REST APIs to verify satellite list, info like timestamp, units, coordinates, timezone" time="2.229"/>
</testsuite>